Spring2018
Spring2018!
spring2018!
Summer2018
Summer2018!
summer2018!
Fall2018
Fall2018!
fall2018!
winter2018
Winter2018
Winter2018!

Summer123
Summer123!
summer123!

test123!
Test123!
Test1234

Test2018
test2018!

pass123!
Pass1234

Passw0rd
P@ssw0rd
P@ssword
p@ssword1
P@ssword1
p@ssword!
P@$$w0rd!

Password!
Password!!
Password!!!
Password!!!!

password1!
Password1
Password2
Password123
Password123!
password123!
Password1234
Password1234!
password1234

qwer123!
qwerty123!

admin123!
Admin1234
admin1234

Pass1234
Pass1234!
pass123!
Pass123!
